app/build/intermediates/manifest_merge_blame_file/release/processReleaseMainManifest/manifest-merger-blame-release-report.txt
1<?xml version="1.0" encoding="utf-8"?>
2<manifest xmlns:android="http://schemas.android.com/apk/res/android"
3    package="com.example.blegame"
4    android:versionCode="1"
5    android:versionName="1.0" >
6
7    <uses-sdk
8        android:minSdkVersion="30"
9        android:targetSdkVersion="35" />
10
11    <!-- Permissions -->
12    <uses-permission android:name="android.permission.BLUETOOTH" />
12-->src\main\AndroidManifest.xml:5:5-67
12-->src\main\AndroidManifest.xml:5:22-65
13    <uses-permission android:name="android.permission.BLUETOOTH_ADMIN" />
13-->src\main\AndroidManifest.xml:6:5-73
13-->src\main\AndroidManifest.xml:6:22-71
14    <uses-permission android:name="android.permission.BLUETOOTH_SCAN" />
14-->src\main\AndroidManifest.xml:7:5-72
14-->src\main\AndroidManifest.xml:7:22-70
15    <uses-permission android:name="android.permission.BLUETOOTH_CONNECT" />
15-->src\main\AndroidManifest.xml:8:5-75
15-->src\main\AndroidManifest.xml:8:22-73
16    <uses-permission android:name="android.permission.ACCESS_FINE_LOCATION" />
16-->src\main\AndroidManifest.xml:9:5-78
16-->src\main\AndroidManifest.xml:9:22-76
17    <uses-permission android:name="android.permission.ACCESS_COARSE_LOCATION" />
17-->src\main\AndroidManifest.xml:10:5-80
17-->src\main\AndroidManifest.xml:10:22-78
18    <uses-permission android:name="android.permission.BLUETOOTH_ADVERTISE" />
18-->src\main\AndroidManifest.xml:11:5-77
18-->src\main\AndroidManifest.xml:11:22-75
19    <uses-permission android:name="android.permission.WRITE_EXTERNAL_STORAGE" />
19-->src\main\AndroidManifest.xml:12:5-81
19-->src\main\AndroidManifest.xml:12:22-78
20    <uses-permission android:name="android.permission.READ_EXTERNAL_STORAGE" />
20-->src\main\AndroidManifest.xml:13:5-80
20-->src\main\AndroidManifest.xml:13:22-77
21    <uses-permission android:name="android.permission.RECEIVE_BOOT_COMPLETED" />
21-->src\main\AndroidManifest.xml:14:5-81
21-->src\main\AndroidManifest.xml:14:22-78
22
23    <!-- Feature -->
24    <uses-feature
24-->src\main\AndroidManifest.xml:17:5-89
25        android:name="android.hardware.bluetooth_le"
25-->src\main\AndroidManifest.xml:17:19-63
26        android:required="true" />
26-->src\main\AndroidManifest.xml:17:64-87
27
28    <uses-permission android:name="android.permission.WAKE_LOCK" />
28-->[androidx.work:work-runtime:2.8.0] AndroidManifest.xml:23:5-68
28-->[androidx.work:work-runtime:2.8.0] AndroidManifest.xml:23:22-65
29    <uses-permission android:name="android.permission.ACCESS_NETWORK_STATE" />
29-->[androidx.work:work-runtime:2.8.0] AndroidManifest.xml:24:5-79
29-->[androidx.work:work-runtime:2.8.0] AndroidManifest.xml:24:22-76
30    <uses-permission android:name="android.permission.FOREGROUND_SERVICE" />
30-->[androidx.work:work-runtime:2.8.0] AndroidManifest.xml:26:5-77
30-->[androidx.work:work-runtime:2.8.0] AndroidManifest.xml:26:22-74
31
32    <permission
32-->[androidx.core:core:1.15.0] AndroidManifest.xml:22:5-24:47
33        android:name="com.example.blegame.DYNAMIC_RECEIVER_NOT_EXPORTED_PERMISSION"
33-->[androidx.core:core:1.15.0] AndroidManifest.xml:23:9-81
34        android:protectionLevel="signature" />
34-->[androidx.core:core:1.15.0] AndroidManifest.xml:24:9-44
35
36    <uses-permission android:name="com.example.blegame.DYNAMIC_RECEIVER_NOT_EXPORTED_PERMISSION" />
36-->[androidx.core:core:1.15.0] AndroidManifest.xml:26:5-97
36-->[androidx.core:core:1.15.0] AndroidManifest.xml:26:22-94
37
38    <uses-permission-sdk-23 android:name="android.permission.ACCESS_COARSE_LOCATION" />
38-->[com.polidea.rxandroidble2:rxandroidble:1.11.1] AndroidManifest.xml:14:5-88
38-->[com.polidea.rxandroidble2:rxandroidble:1.11.1] AndroidManifest.xml:14:29-85
39    <uses-permission-sdk-23 android:name="android.permission.ACCESS_FINE_LOCATION" />
39-->[com.polidea.rxandroidble2:rxandroidble:1.11.1] AndroidManifest.xml:15:5-86
39-->[com.polidea.rxandroidble2:rxandroidble:1.11.1] AndroidManifest.xml:15:29-83
40
41    <application
41-->src\main\AndroidManifest.xml:19:5-86:19
42        android:allowBackup="true"
42-->src\main\AndroidManifest.xml:21:9-35
43        android:appComponentFactory="androidx.core.app.CoreComponentFactory"
43-->[androidx.core:core:1.15.0] AndroidManifest.xml:28:18-86
44        android:dataExtractionRules="@xml/data_extraction_rules"
44-->src\main\AndroidManifest.xml:22:9-65
45        android:extractNativeLibs="false"
46        android:fullBackupContent="@xml/backup_rules"
46-->src\main\AndroidManifest.xml:23:9-54
47        android:icon="@mipmap/ic_launcher"
47-->src\main\AndroidManifest.xml:24:9-43
48        android:label="@string/app_name"
48-->src\main\AndroidManifest.xml:25:9-41
49        android:requestLegacyExternalStorage="true"
49-->src\main\AndroidManifest.xml:30:9-52
50        android:roundIcon="@mipmap/ic_launcher_round"
50-->src\main\AndroidManifest.xml:26:9-54
51        android:supportsRtl="true"
51-->src\main\AndroidManifest.xml:27:9-35
52        android:theme="@style/Theme.BLEGame"
52-->src\main\AndroidManifest.xml:28:9-45
53        android:usesCleartextTraffic="true" >
53-->src\main\AndroidManifest.xml:29:9-44
54        <provider
55            android:name="androidx.core.content.FileProvider"
55-->src\main\AndroidManifest.xml:38:13-62
56            android:authorities="com.example.blegame.provider"
56-->src\main\AndroidManifest.xml:39:13-60
57            android:exported="false"
57-->src\main\AndroidManifest.xml:40:13-37
58            android:grantUriPermissions="true" >
58-->src\main\AndroidManifest.xml:41:13-47
59            <meta-data
59-->src\main\AndroidManifest.xml:42:13-44:58
60                android:name="android.support.FILE_PROVIDER_PATHS"
60-->src\main\AndroidManifest.xml:43:17-67
61                android:resource="@xml/provider_paths" />
61-->src\main\AndroidManifest.xml:44:17-55
62        </provider>
63
64        <receiver
64-->src\main\AndroidManifest.xml:48:9-54:20
65            android:name="com.example.blegame.BootReceiver"
65-->src\main\AndroidManifest.xml:48:19-47
66            android:enabled="true"
66-->src\main\AndroidManifest.xml:49:13-35
67            android:exported="true" >
67-->src\main\AndroidManifest.xml:50:13-36
68            <intent-filter>
68-->src\main\AndroidManifest.xml:51:13-53:29
69                <action android:name="android.intent.action.BOOT_COMPLETED" />
69-->src\main\AndroidManifest.xml:52:17-79
69-->src\main\AndroidManifest.xml:52:25-76
70            </intent-filter>
71        </receiver>
72
73        <activity
73-->src\main\AndroidManifest.xml:56:9-62:20
74            android:name="com.example.blegame.SplashActivity"
74-->src\main\AndroidManifest.xml:56:19-49
75            android:exported="true" >
75-->src\main\AndroidManifest.xml:56:50-73
76            <intent-filter>
76-->src\main\AndroidManifest.xml:57:13-60:29
77                <action android:name="android.intent.action.MAIN" />
77-->src\main\AndroidManifest.xml:58:17-68
77-->src\main\AndroidManifest.xml:58:25-66
78
79                <category android:name="android.intent.category.LAUNCHER" />
79-->src\main\AndroidManifest.xml:59:17-76
79-->src\main\AndroidManifest.xml:59:27-74
80            </intent-filter>
81        </activity>
82
83        <!-- Define MainActivity as the launcher activity -->
84        <activity
84-->src\main\AndroidManifest.xml:65:9-67:20
85            android:name="com.example.blegame.MainActivity"
85-->src\main\AndroidManifest.xml:65:19-47
86            android:exported="true" >
86-->src\main\AndroidManifest.xml:65:48-71
87        </activity>
88        <activity
88-->src\main\AndroidManifest.xml:69:9-86
89            android:name="com.example.blegame.BLEAppActivity"
89-->src\main\AndroidManifest.xml:69:19-49
90            android:exported="true" >
90-->src\main\AndroidManifest.xml:69:50-73
91        </activity>
92        <!-- <activity android:name="." android:exported="true"> </activity> -->
93        <!-- <activity android:name=".SplashActivity" android:exported="true">  </activity> -->
94        <activity
94-->src\main\AndroidManifest.xml:72:9-95
95            android:name="com.example.blegame.AdvertisingDataActivity"
95-->src\main\AndroidManifest.xml:72:19-58
96            android:exported="true" >
96-->src\main\AndroidManifest.xml:72:59-82
97        </activity>
98        <!-- <activity android:name=".ServiceListActivity" android:exported="true"> </activity> -->
99        <!-- GameplayActivity without the MAIN action -->
100        <activity
100-->src\main\AndroidManifest.xml:75:9-89
101            android:name="com.example.blegame.StartGameActivity"
101-->src\main\AndroidManifest.xml:75:19-52
102            android:exported="true" >
102-->src\main\AndroidManifest.xml:75:53-76
103        </activity>
104        <activity
104-->src\main\AndroidManifest.xml:76:9-88
105            android:name="com.example.blegame.GameplayActivity"
105-->src\main\AndroidManifest.xml:76:19-51
106            android:exported="true" >
106-->src\main\AndroidManifest.xml:76:52-75
107        </activity>
108        <!-- Other activities -->
109        <activity
109-->src\main\AndroidManifest.xml:78:9-76
110            android:name="com.example.blegame.WelcomeActivity"
110-->src\main\AndroidManifest.xml:78:19-50
111            android:exported="true" />
111-->src\main\AndroidManifest.xml:78:51-74
112        <activity
112-->src\main\AndroidManifest.xml:79:9-83
113            android:name="com.example.blegame.GameDeviceListActivity"
113-->src\main\AndroidManifest.xml:79:19-57
114            android:exported="true" />
114-->src\main\AndroidManifest.xml:79:58-81
115        <activity
115-->src\main\AndroidManifest.xml:80:9-80
116            android:name="com.example.blegame.MultiplayerActivity"
116-->src\main\AndroidManifest.xml:80:19-54
117            android:exported="true" />
117-->src\main\AndroidManifest.xml:80:55-78
118        <!-- <activity android:name=".SpeedometerActivity" android:exported="true"/> -->
119
120        <meta-data
120-->src\main\AndroidManifest.xml:83:9-85:57
121            android:name="preloaded_fonts"
121-->src\main\AndroidManifest.xml:84:13-43
122            android:resource="@array/preloaded_fonts" />
122-->src\main\AndroidManifest.xml:85:13-54
123
124        <provider
124-->[androidx.work:work-runtime:2.8.0] AndroidManifest.xml:29:9-37:20
125            android:name="androidx.startup.InitializationProvider"
125-->[androidx.work:work-runtime:2.8.0] AndroidManifest.xml:30:13-67
126            android:authorities="com.example.blegame.androidx-startup"
126-->[androidx.work:work-runtime:2.8.0] AndroidManifest.xml:31:13-68
127            android:exported="false" >
127-->[androidx.work:work-runtime:2.8.0] AndroidManifest.xml:32:13-37
128            <meta-data
128-->[androidx.work:work-runtime:2.8.0] AndroidManifest.xml:34:13-36:52
129                android:name="androidx.work.WorkManagerInitializer"
129-->[androidx.work:work-runtime:2.8.0] AndroidManifest.xml:35:17-68
130                android:value="androidx.startup" />
130-->[androidx.work:work-runtime:2.8.0] AndroidManifest.xml:36:17-49
131            <meta-data
131-->[androidx.emoji2:emoji2:1.3.0] AndroidManifest.xml:29:13-31:52
132                android:name="androidx.emoji2.text.EmojiCompatInitializer"
132-->[androidx.emoji2:emoji2:1.3.0] AndroidManifest.xml:30:17-75
133                android:value="androidx.startup" />
133-->[androidx.emoji2:emoji2:1.3.0] AndroidManifest.xml:31:17-49
134            <meta-data
134-->[androidx.lifecycle:lifecycle-process:2.6.2] AndroidManifest.xml:29:13-31:52
135                android:name="androidx.lifecycle.ProcessLifecycleInitializer"
135-->[androidx.lifecycle:lifecycle-process:2.6.2] AndroidManifest.xml:30:17-78
136                android:value="androidx.startup" />
136-->[androidx.lifecycle:lifecycle-process:2.6.2] AndroidManifest.xml:31:17-49
137            <meta-data
137-->[androidx.profileinstaller:profileinstaller:1.3.1] AndroidManifest.xml:29:13-31:52
138                android:name="androidx.profileinstaller.ProfileInstallerInitializer"
138-->[androidx.profileinstaller:profileinstaller:1.3.1] AndroidManifest.xml:30:17-85
139                android:value="androidx.startup" />
139-->[androidx.profileinstaller:profileinstaller:1.3.1] AndroidManifest.xml:31:17-49
140        </provider>
141
142        <service
142-->[androidx.work:work-runtime:2.8.0] AndroidManifest.xml:39:9-45:35
143            android:name="androidx.work.impl.background.systemalarm.SystemAlarmService"
143-->[androidx.work:work-runtime:2.8.0] AndroidManifest.xml:40:13-88
144            android:directBootAware="false"
144-->[androidx.work:work-runtime:2.8.0] AndroidManifest.xml:41:13-44
145            android:enabled="@bool/enable_system_alarm_service_default"
145-->[androidx.work:work-runtime:2.8.0] AndroidManifest.xml:42:13-72
146            android:exported="false" />
146-->[androidx.work:work-runtime:2.8.0] AndroidManifest.xml:43:13-37
147        <service
147-->[androidx.work:work-runtime:2.8.0] AndroidManifest.xml:46:9-52:35
148            android:name="androidx.work.impl.background.systemjob.SystemJobService"
148-->[androidx.work:work-runtime:2.8.0] AndroidManifest.xml:47:13-84
149            android:directBootAware="false"
149-->[androidx.work:work-runtime:2.8.0] AndroidManifest.xml:48:13-44
150            android:enabled="@bool/enable_system_job_service_default"
150-->[androidx.work:work-runtime:2.8.0] AndroidManifest.xml:49:13-70
151            android:exported="true"
151-->[androidx.work:work-runtime:2.8.0] AndroidManifest.xml:50:13-36
152            android:permission="android.permission.BIND_JOB_SERVICE" />
152-->[androidx.work:work-runtime:2.8.0] AndroidManifest.xml:51:13-69
153        <service
153-->[androidx.work:work-runtime:2.8.0] AndroidManifest.xml:53:9-59:35
154            android:name="androidx.work.impl.foreground.SystemForegroundService"
154-->[androidx.work:work-runtime:2.8.0] AndroidManifest.xml:54:13-81
155            android:directBootAware="false"
155-->[androidx.work:work-runtime:2.8.0] AndroidManifest.xml:55:13-44
156            android:enabled="@bool/enable_system_foreground_service_default"
156-->[androidx.work:work-runtime:2.8.0] AndroidManifest.xml:56:13-77
157            android:exported="false" />
157-->[androidx.work:work-runtime:2.8.0] AndroidManifest.xml:57:13-37
158
159        <receiver
159-->[androidx.work:work-runtime:2.8.0] AndroidManifest.xml:61:9-66:35
160            android:name="androidx.work.impl.utils.ForceStopRunnable$BroadcastReceiver"
160-->[androidx.work:work-runtime:2.8.0] AndroidManifest.xml:62:13-88
161            android:directBootAware="false"
161-->[androidx.work:work-runtime:2.8.0] AndroidManifest.xml:63:13-44
162            android:enabled="true"
162-->[androidx.work:work-runtime:2.8.0] AndroidManifest.xml:64:13-35
163            android:exported="false" />
163-->[androidx.work:work-runtime:2.8.0] AndroidManifest.xml:65:13-37
164        <receiver
164-->[androidx.work:work-runtime:2.8.0] AndroidManifest.xml:67:9-77:20
165            android:name="androidx.work.impl.background.systemalarm.ConstraintProxy$BatteryChargingProxy"
165-->[androidx.work:work-runtime:2.8.0] AndroidManifest.xml:68:13-106
166            android:directBootAware="false"
166-->[androidx.work:work-runtime:2.8.0] AndroidManifest.xml:69:13-44
167            android:enabled="false"
167-->[androidx.work:work-runtime:2.8.0] AndroidManifest.xml:70:13-36
168            android:exported="false" >
168-->[androidx.work:work-runtime:2.8.0] AndroidManifest.xml:71:13-37
169            <intent-filter>
169-->[androidx.work:work-runtime:2.8.0] AndroidManifest.xml:73:13-76:29
170                <action android:name="android.intent.action.ACTION_POWER_CONNECTED" />
170-->[androidx.work:work-runtime:2.8.0] AndroidManifest.xml:74:17-87
170-->[androidx.work:work-runtime:2.8.0] AndroidManifest.xml:74:25-84
171                <action android:name="android.intent.action.ACTION_POWER_DISCONNECTED" />
171-->[androidx.work:work-runtime:2.8.0] AndroidManifest.xml:75:17-90
171-->[androidx.work:work-runtime:2.8.0] AndroidManifest.xml:75:25-87
172            </intent-filter>
173        </receiver>
174        <receiver
174-->[androidx.work:work-runtime:2.8.0] AndroidManifest.xml:78:9-88:20
175            android:name="androidx.work.impl.background.systemalarm.ConstraintProxy$BatteryNotLowProxy"
175-->[androidx.work:work-runtime:2.8.0] AndroidManifest.xml:79:13-104
176            android:directBootAware="false"
176-->[androidx.work:work-runtime:2.8.0] AndroidManifest.xml:80:13-44
177            android:enabled="false"
177-->[androidx.work:work-runtime:2.8.0] AndroidManifest.xml:81:13-36
178            android:exported="false" >
178-->[androidx.work:work-runtime:2.8.0] AndroidManifest.xml:82:13-37
179            <intent-filter>
179-->[androidx.work:work-runtime:2.8.0] AndroidManifest.xml:84:13-87:29
180                <action android:name="android.intent.action.BATTERY_OKAY" />
180-->[androidx.work:work-runtime:2.8.0] AndroidManifest.xml:85:17-77
180-->[androidx.work:work-runtime:2.8.0] AndroidManifest.xml:85:25-74
181                <action android:name="android.intent.action.BATTERY_LOW" />
181-->[androidx.work:work-runtime:2.8.0] AndroidManifest.xml:86:17-76
181-->[androidx.work:work-runtime:2.8.0] AndroidManifest.xml:86:25-73
182            </intent-filter>
183        </receiver>
184        <receiver
184-->[androidx.work:work-runtime:2.8.0] AndroidManifest.xml:89:9-99:20
185            android:name="androidx.work.impl.background.systemalarm.ConstraintProxy$StorageNotLowProxy"
185-->[androidx.work:work-runtime:2.8.0] AndroidManifest.xml:90:13-104
186            android:directBootAware="false"
186-->[androidx.work:work-runtime:2.8.0] AndroidManifest.xml:91:13-44
187            android:enabled="false"
187-->[androidx.work:work-runtime:2.8.0] AndroidManifest.xml:92:13-36
188            android:exported="false" >
188-->[androidx.work:work-runtime:2.8.0] AndroidManifest.xml:93:13-37
189            <intent-filter>
189-->[androidx.work:work-runtime:2.8.0] AndroidManifest.xml:95:13-98:29
190                <action android:name="android.intent.action.DEVICE_STORAGE_LOW" />
190-->[androidx.work:work-runtime:2.8.0] AndroidManifest.xml:96:17-83
190-->[androidx.work:work-runtime:2.8.0] AndroidManifest.xml:96:25-80
191                <action android:name="android.intent.action.DEVICE_STORAGE_OK" />
191-->[androidx.work:work-runtime:2.8.0] AndroidManifest.xml:97:17-82
191-->[androidx.work:work-runtime:2.8.0] AndroidManifest.xml:97:25-79
192            </intent-filter>
193        </receiver>
194        <receiver
194-->[androidx.work:work-runtime:2.8.0] AndroidManifest.xml:100:9-109:20
195            android:name="androidx.work.impl.background.systemalarm.ConstraintProxy$NetworkStateProxy"
195-->[androidx.work:work-runtime:2.8.0] AndroidManifest.xml:101:13-103
196            android:directBootAware="false"
196-->[androidx.work:work-runtime:2.8.0] AndroidManifest.xml:102:13-44
197            android:enabled="false"
197-->[androidx.work:work-runtime:2.8.0] AndroidManifest.xml:103:13-36
198            android:exported="false" >
198-->[androidx.work:work-runtime:2.8.0] AndroidManifest.xml:104:13-37
199            <intent-filter>
199-->[androidx.work:work-runtime:2.8.0] AndroidManifest.xml:106:13-108:29
200                <action android:name="android.net.conn.CONNECTIVITY_CHANGE" />
200-->[androidx.work:work-runtime:2.8.0] AndroidManifest.xml:107:17-79
200-->[androidx.work:work-runtime:2.8.0] AndroidManifest.xml:107:25-76
201            </intent-filter>
202        </receiver>
203        <receiver
203-->[androidx.work:work-runtime:2.8.0] AndroidManifest.xml:110:9-121:20
204            android:name="androidx.work.impl.background.systemalarm.RescheduleReceiver"
204-->[androidx.work:work-runtime:2.8.0] AndroidManifest.xml:111:13-88
205            android:directBootAware="false"
205-->[androidx.work:work-runtime:2.8.0] AndroidManifest.xml:112:13-44
206            android:enabled="false"
206-->[androidx.work:work-runtime:2.8.0] AndroidManifest.xml:113:13-36
207            android:exported="false" >
207-->[androidx.work:work-runtime:2.8.0] AndroidManifest.xml:114:13-37
208            <intent-filter>
208-->[androidx.work:work-runtime:2.8.0] AndroidManifest.xml:116:13-120:29
209                <action android:name="android.intent.action.BOOT_COMPLETED" />
209-->src\main\AndroidManifest.xml:52:17-79
209-->src\main\AndroidManifest.xml:52:25-76
210                <action android:name="android.intent.action.TIME_SET" />
210-->[androidx.work:work-runtime:2.8.0] AndroidManifest.xml:118:17-73
210-->[androidx.work:work-runtime:2.8.0] AndroidManifest.xml:118:25-70
211                <action android:name="android.intent.action.TIMEZONE_CHANGED" />
211-->[androidx.work:work-runtime:2.8.0] AndroidManifest.xml:119:17-81
211-->[androidx.work:work-runtime:2.8.0] AndroidManifest.xml:119:25-78
212            </intent-filter>
213        </receiver>
214        <receiver
214-->[androidx.work:work-runtime:2.8.0] AndroidManifest.xml:122:9-131:20
215            android:name="androidx.work.impl.background.systemalarm.ConstraintProxyUpdateReceiver"
215-->[androidx.work:work-runtime:2.8.0] AndroidManifest.xml:123:13-99
216            android:directBootAware="false"
216-->[androidx.work:work-runtime:2.8.0] AndroidManifest.xml:124:13-44
217            android:enabled="@bool/enable_system_alarm_service_default"
217-->[androidx.work:work-runtime:2.8.0] AndroidManifest.xml:125:13-72
218            android:exported="false" >
218-->[androidx.work:work-runtime:2.8.0] AndroidManifest.xml:126:13-37
219            <intent-filter>
219-->[androidx.work:work-runtime:2.8.0] AndroidManifest.xml:128:13-130:29
220                <action android:name="androidx.work.impl.background.systemalarm.UpdateProxies" />
220-->[androidx.work:work-runtime:2.8.0] AndroidManifest.xml:129:17-98
220-->[androidx.work:work-runtime:2.8.0] AndroidManifest.xml:129:25-95
221            </intent-filter>
222        </receiver>
223        <receiver
223-->[androidx.work:work-runtime:2.8.0] AndroidManifest.xml:132:9-142:20
224            android:name="androidx.work.impl.diagnostics.DiagnosticsReceiver"
224-->[androidx.work:work-runtime:2.8.0] AndroidManifest.xml:133:13-78
225            android:directBootAware="false"
225-->[androidx.work:work-runtime:2.8.0] AndroidManifest.xml:134:13-44
226            android:enabled="true"
226-->[androidx.work:work-runtime:2.8.0] AndroidManifest.xml:135:13-35
227            android:exported="true"
227-->[androidx.work:work-runtime:2.8.0] AndroidManifest.xml:136:13-36
228            android:permission="android.permission.DUMP" >
228-->[androidx.work:work-runtime:2.8.0] AndroidManifest.xml:137:13-57
229            <intent-filter>
229-->[androidx.work:work-runtime:2.8.0] AndroidManifest.xml:139:13-141:29
230                <action android:name="androidx.work.diagnostics.REQUEST_DIAGNOSTICS" />
230-->[androidx.work:work-runtime:2.8.0] AndroidManifest.xml:140:17-88
230-->[androidx.work:work-runtime:2.8.0] AndroidManifest.xml:140:25-85
231            </intent-filter>
232        </receiver>
233
234        <activity
234-->[com.google.android.gms:play-services-base:18.5.0] AndroidManifest.xml:5:9-173
235            android:name="com.google.android.gms.common.api.GoogleApiActivity"
235-->[com.google.android.gms:play-services-base:18.5.0] AndroidManifest.xml:5:19-85
236            android:exported="false"
236-->[com.google.android.gms:play-services-base:18.5.0] AndroidManifest.xml:5:146-170
237            android:theme="@android:style/Theme.Translucent.NoTitleBar" />
237-->[com.google.android.gms:play-services-base:18.5.0] AndroidManifest.xml:5:86-145
238
239        <meta-data
239-->[com.google.android.gms:play-services-basement:18.4.0] AndroidManifest.xml:6:9-122
240            android:name="com.google.android.gms.version"
240-->[com.google.android.gms:play-services-basement:18.4.0] AndroidManifest.xml:6:20-65
241            android:value="@integer/google_play_services_version" />
241-->[com.google.android.gms:play-services-basement:18.4.0] AndroidManifest.xml:6:66-119
242
243        <receiver
243-->[androidx.profileinstaller:profileinstaller:1.3.1] AndroidManifest.xml:34:9-52:20
244            android:name="androidx.profileinstaller.ProfileInstallReceiver"
244-->[androidx.profileinstaller:profileinstaller:1.3.1] AndroidManifest.xml:35:13-76
245            android:directBootAware="false"
245-->[androidx.profileinstaller:profileinstaller:1.3.1] AndroidManifest.xml:36:13-44
246            android:enabled="true"
246-->[androidx.profileinstaller:profileinstaller:1.3.1] AndroidManifest.xml:37:13-35
247            android:exported="true"
247-->[androidx.profileinstaller:profileinstaller:1.3.1] AndroidManifest.xml:38:13-36
248            android:permission="android.permission.DUMP" >
248-->[androidx.profileinstaller:profileinstaller:1.3.1] AndroidManifest.xml:39:13-57
249            <intent-filter>
249-->[androidx.profileinstaller:profileinstaller:1.3.1] AndroidManifest.xml:40:13-42:29
250                <action android:name="androidx.profileinstaller.action.INSTALL_PROFILE" />
250-->[androidx.profileinstaller:profileinstaller:1.3.1] AndroidManifest.xml:41:17-91
250-->[androidx.profileinstaller:profileinstaller:1.3.1] AndroidManifest.xml:41:25-88
251            </intent-filter>
252            <intent-filter>
252-->[androidx.profileinstaller:profileinstaller:1.3.1] AndroidManifest.xml:43:13-45:29
253                <action android:name="androidx.profileinstaller.action.SKIP_FILE" />
253-->[androidx.profileinstaller:profileinstaller:1.3.1] AndroidManifest.xml:44:17-85
253-->[androidx.profileinstaller:profileinstaller:1.3.1] AndroidManifest.xml:44:25-82
254            </intent-filter>
255            <intent-filter>
255-->[androidx.profileinstaller:profileinstaller:1.3.1] AndroidManifest.xml:46:13-48:29
256                <action android:name="androidx.profileinstaller.action.SAVE_PROFILE" />
256-->[androidx.profileinstaller:profileinstaller:1.3.1] AndroidManifest.xml:47:17-88
256-->[androidx.profileinstaller:profileinstaller:1.3.1] AndroidManifest.xml:47:25-85
257            </intent-filter>
258            <intent-filter>
258-->[androidx.profileinstaller:profileinstaller:1.3.1] AndroidManifest.xml:49:13-51:29
259                <action android:name="androidx.profileinstaller.action.BENCHMARK_OPERATION" />
259-->[androidx.profileinstaller:profileinstaller:1.3.1] AndroidManifest.xml:50:17-95
259-->[androidx.profileinstaller:profileinstaller:1.3.1] AndroidManifest.xml:50:25-92
260            </intent-filter>
261        </receiver>
262
263        <service
263-->[androidx.room:room-runtime:2.5.0] AndroidManifest.xml:24:9-28:63
264            android:name="androidx.room.MultiInstanceInvalidationService"
264-->[androidx.room:room-runtime:2.5.0] AndroidManifest.xml:25:13-74
265            android:directBootAware="true"
265-->[androidx.room:room-runtime:2.5.0] AndroidManifest.xml:26:13-43
266            android:exported="false" />
266-->[androidx.room:room-runtime:2.5.0] AndroidManifest.xml:27:13-37
267    </application>
268
269</manifest>